<?xml version="1.0" encoding="UTF-8"?>
<testsuite xmlns:xsi="http://www.w3.org/2001/XMLSchema-instance" xsi:noNamespaceSchemaLocation="https://maven.apache.org/surefire/maven-surefire-plugin/xsd/surefire-test-report-3.0.xsd" version="3.0" name="automation.ElementsTest" time="26.874" tests="8" errors="0" skipped="0" failures="0">
  <properties>
    <property name="java.specification.version" value="19"/>
    <property name="sun.cpu.isalist" value="amd64"/>
    <property name="sun.jnu.encoding" value="Cp1252"/>
    <property name="java.class.path" value="C:\Users\sachi\OneDrive\Desktop\selenium\Automation\target\test-classes;C:\Users\sachi\OneDrive\Desktop\selenium\Automation\target\classes;C:\Users\sachi\.m2\repository\org\seleniumhq\selenium\selenium-java\4.9.0\selenium-java-4.9.0.jar;C:\Users\sachi\.m2\repository\org\seleniumhq\selenium\selenium-api\4.9.0\selenium-api-4.9.0.jar;C:\Users\sachi\.m2\repository\org\seleniumhq\selenium\selenium-chrome-driver\4.9.0\selenium-chrome-driver-4.9.0.jar;C:\Users\sachi\.m2\repository\com\google\auto\service\auto-service-annotations\1.0.1\auto-service-annotations-1.0.1.jar;C:\Users\sachi\.m2\repository\com\google\auto\service\auto-service\1.0.1\auto-service-1.0.1.jar;C:\Users\sachi\.m2\repository\com\google\auto\auto-common\1.2\auto-common-1.2.jar;C:\Users\sachi\.m2\repository\com\google\guava\guava\31.1-jre\guava-31.1-jre.jar;C:\Users\sachi\.m2\repository\com\google\guava\failureaccess\1.0.1\failureaccess-1.0.1.jar;C:\Users\sachi\.m2\repository\com\google\guava\listenablefuture\9999.0-empty-to-avoid-conflict-with-guava\listenablefuture-9999.0-empty-to-avoid-conflict-with-guava.jar;C:\Users\sachi\.m2\repository\com\google\code\findbugs\jsr305\3.0.2\jsr305-3.0.2.jar;C:\Users\sachi\.m2\repository\org\checkerframework\checker-qual\3.12.0\checker-qual-3.12.0.jar;C:\Users\sachi\.m2\repository\com\google\errorprone\error_prone_annotations\2.11.0\error_prone_annotations-2.11.0.jar;C:\Users\sachi\.m2\repository\com\google\j2objc\j2objc-annotations\1.3\j2objc-annotations-1.3.jar;C:\Users\sachi\.m2\repository\org\seleniumhq\selenium\selenium-chromium-driver\4.9.0\selenium-chromium-driver-4.9.0.jar;C:\Users\sachi\.m2\repository\org\seleniumhq\selenium\selenium-json\4.9.0\selenium-json-4.9.0.jar;C:\Users\sachi\.m2\repository\org\seleniumhq\selenium\selenium-manager\4.9.0\selenium-manager-4.9.0.jar;C:\Users\sachi\.m2\repository\org\seleniumhq\selenium\selenium-devtools-v110\4.9.0\selenium-devtools-v110-4.9.0.jar;C:\Users\sachi\.m2\repository\org\seleniumhq\selenium\selenium-devtools-v111\4.9.0\selenium-devtools-v111-4.9.0.jar;C:\Users\sachi\.m2\repository\org\seleniumhq\selenium\selenium-devtools-v112\4.9.0\selenium-devtools-v112-4.9.0.jar;C:\Users\sachi\.m2\repository\org\seleniumhq\selenium\selenium-devtools-v85\4.9.0\selenium-devtools-v85-4.9.0.jar;C:\Users\sachi\.m2\repository\org\seleniumhq\selenium\selenium-edge-driver\4.9.0\selenium-edge-driver-4.9.0.jar;C:\Users\sachi\.m2\repository\org\seleniumhq\selenium\selenium-firefox-driver\4.9.0\selenium-firefox-driver-4.9.0.jar;C:\Users\sachi\.m2\repository\org\seleniumhq\selenium\selenium-http\4.9.0\selenium-http-4.9.0.jar;C:\Users\sachi\.m2\repository\dev\failsafe\failsafe\3.3.1\failsafe-3.3.1.jar;C:\Users\sachi\.m2\repository\org\seleniumhq\selenium\selenium-ie-driver\4.9.0\selenium-ie-driver-4.9.0.jar;C:\Users\sachi\.m2\repository\org\seleniumhq\selenium\selenium-remote-driver\4.9.0\selenium-remote-driver-4.9.0.jar;C:\Users\sachi\.m2\repository\io\netty\netty-buffer\4.1.91.Final\netty-buffer-4.1.91.Final.jar;C:\Users\sachi\.m2\repository\io\netty\netty-codec-http\4.1.91.Final\netty-codec-http-4.1.91.Final.jar;C:\Users\sachi\.m2\repository\io\netty\netty-codec\4.1.91.Final\netty-codec-4.1.91.Final.jar;C:\Users\sachi\.m2\repository\io\netty\netty-handler\4.1.91.Final\netty-handler-4.1.91.Final.jar;C:\Users\sachi\.m2\repository\io\netty\netty-common\4.1.91.Final\netty-common-4.1.91.Final.jar;C:\Users\sachi\.m2\repository\io\netty\netty-transport-classes-epoll\4.1.91.Final\netty-transport-classes-epoll-4.1.91.Final.jar;C:\Users\sachi\.m2\repository\io\netty\netty-transport-classes-kqueue\4.1.91.Final\netty-transport-classes-kqueue-4.1.91.Final.jar;C:\Users\sachi\.m2\repository\io\netty\netty-transport-native-epoll\4.1.91.Final\netty-transport-native-epoll-4.1.91.Final.jar;C:\Users\sachi\.m2\repository\io\netty\netty-transport-native-kqueue\4.1.91.Final\netty-transport-native-kqueue-4.1.91.Final.jar;C:\Users\sachi\.m2\repository\io\netty\netty-transport-native-unix-common\4.1.91.Final\netty-transport-native-unix-common-4.1.91.Final.jar;C:\Users\sachi\.m2\repository\io\netty\netty-transport\4.1.91.Final\netty-transport-4.1.91.Final.jar;C:\Users\sachi\.m2\repository\io\netty\netty-resolver\4.1.91.Final\netty-resolver-4.1.91.Final.jar;C:\Users\sachi\.m2\repository\io\opentelemetry\opentelemetry-api\1.25.0\opentelemetry-api-1.25.0.jar;C:\Users\sachi\.m2\repository\io\opentelemetry\opentelemetry-context\1.25.0\opentelemetry-context-1.25.0.jar;C:\Users\sachi\.m2\repository\io\opentelemetry\opentelemetry-exporter-logging\1.25.0\opentelemetry-exporter-logging-1.25.0.jar;C:\Users\sachi\.m2\repository\io\opentelemetry\opentelemetry-sdk-metrics\1.25.0\opentelemetry-sdk-metrics-1.25.0.jar;C:\Users\sachi\.m2\repository\io\opentelemetry\opentelemetry-sdk-logs\1.25.0-alpha\opentelemetry-sdk-logs-1.25.0-alpha.jar;C:\Users\sachi\.m2\repository\io\opentelemetry\opentelemetry-api-logs\1.25.0-alpha\opentelemetry-api-logs-1.25.0-alpha.jar;C:\Users\sachi\.m2\repository\io\opentelemetry\opentelemetry-api-events\1.25.0-alpha\opentelemetry-api-events-1.25.0-alpha.jar;C:\Users\sachi\.m2\repository\io\opentelemetry\opentelemetry-sdk-common\1.25.0\opentelemetry-sdk-common-1.25.0.jar;C:\Users\sachi\.m2\repository\io\opentelemetry\opentelemetry-sdk-extension-autoconfigure-spi\1.25.0\opentelemetry-sdk-extension-autoconfigure-spi-1.25.0.jar;C:\Users\sachi\.m2\repository\io\opentelemetry\opentelemetry-sdk-extension-autoconfigure\1.25.0-alpha\opentelemetry-sdk-extension-autoconfigure-1.25.0-alpha.jar;C:\Users\sachi\.m2\repository\io\opentelemetry\opentelemetry-sdk-trace\1.25.0\opentelemetry-sdk-trace-1.25.0.jar;C:\Users\sachi\.m2\repository\io\opentelemetry\opentelemetry-sdk\1.25.0\opentelemetry-sdk-1.25.0.jar;C:\Users\sachi\.m2\repository\io\opentelemetry\opentelemetry-semconv\1.25.0-alpha\opentelemetry-semconv-1.25.0-alpha.jar;C:\Users\sachi\.m2\repository\io\ous\jtoml\2.0.0\jtoml-2.0.0.jar;C:\Users\sachi\.m2\repository\net\bytebuddy\byte-buddy\1.14.4\byte-buddy-1.14.4.jar;C:\Users\sachi\.m2\repository\org\apache\commons\commons-exec\1.3\commons-exec-1.3.jar;C:\Users\sachi\.m2\repository\org\asynchttpclient\async-http-client\2.12.3\async-http-client-2.12.3.jar;C:\Users\sachi\.m2\repository\org\asynchttpclient\async-http-client-netty-utils\2.12.3\async-http-client-netty-utils-2.12.3.jar;C:\Users\sachi\.m2\repository\io\netty\netty-codec-socks\4.1.60.Final\netty-codec-socks-4.1.60.Final.jar;C:\Users\sachi\.m2\repository\io\netty\netty-handler-proxy\4.1.60.Final\netty-handler-proxy-4.1.60.Final.jar;C:\Users\sachi\.m2\repository\io\netty\netty-transport-native-epoll\4.1.60.Final\netty-transport-native-epoll-4.1.60.Final-linux-x86_64.jar;C:\Users\sachi\.m2\repository\io\netty\netty-transport-native-kqueue\4.1.60.Final\netty-transport-native-kqueue-4.1.60.Final-osx-x86_64.jar;C:\Users\sachi\.m2\repository\org\reactivestreams\reactive-streams\1.0.3\reactive-streams-1.0.3.jar;C:\Users\sachi\.m2\repository\com\typesafe\netty\netty-reactive-streams\2.0.4\netty-reactive-streams-2.0.4.jar;C:\Users\sachi\.m2\repository\com\sun\activation\jakarta.activation\1.2.2\jakarta.activation-1.2.2.jar;C:\Users\sachi\.m2\repository\org\seleniumhq\selenium\selenium-safari-driver\4.9.0\selenium-safari-driver-4.9.0.jar;C:\Users\sachi\.m2\repository\org\seleniumhq\selenium\selenium-support\4.9.0\selenium-support-4.9.0.jar;C:\Users\sachi\.m2\repository\org\testng\testng\7.7.1\testng-7.7.1.jar;C:\Users\sachi\.m2\repository\org\slf4j\slf4j-api\1.7.36\slf4j-api-1.7.36.jar;C:\Users\sachi\.m2\repository\com\beust\jcommander\1.82\jcommander-1.82.jar;C:\Users\sachi\.m2\repository\org\webjars\jquery\3.6.1\jquery-3.6.1.jar;C:\Users\sachi\.m2\repository\com\aventstack\extentreports\4.0.9\extentreports-4.0.9.jar;C:\Users\sachi\.m2\repository\org\freemarker\freemarker\2.3.23\freemarker-2.3.23.jar;C:\Users\sachi\.m2\repository\org\mongodb\mongodb-driver\3.3.0\mongodb-driver-3.3.0.jar;C:\Users\sachi\.m2\repository\org\mongodb\mongodb-driver-core\3.3.0\mongodb-driver-core-3.3.0.jar;C:\Users\sachi\.m2\repository\org\mongodb\bson\3.3.0\bson-3.3.0.jar;C:\Users\sachi\.m2\repository\org\apache\httpcomponents\httpclient\4.5.2\httpclient-4.5.2.jar;C:\Users\sachi\.m2\repository\org\apache\httpcomponents\httpcore\4.4.4\httpcore-4.4.4.jar;C:\Users\sachi\.m2\repository\commons-logging\commons-logging\1.2\commons-logging-1.2.jar;C:\Users\sachi\.m2\repository\commons-codec\commons-codec\1.9\commons-codec-1.9.jar;C:\Users\sachi\.m2\repository\org\apache\httpcomponents\httpmime\4.5.2\httpmime-4.5.2.jar;C:\Users\sachi\.m2\repository\com\google\code\gson\gson\2.8.5\gson-2.8.5.jar;C:\Users\sachi\.m2\repository\commons-io\commons-io\2.11.0\commons-io-2.11.0.jar;"/>
    <property name="java.vm.vendor" value="Oracle Corporation"/>
    <property name="sun.arch.data.model" value="64"/>
    <property name="user.variant" value=""/>
    <property name="java.vendor.url" value="https://java.oracle.com/"/>
    <property name="user.timezone" value="Asia/Calcutta"/>
    <property name="os.name" value="Windows 11"/>
    <property name="java.vm.specification.version" value="19"/>
    <property name="sun.java.launcher" value="SUN_STANDARD"/>
    <property name="user.country" value="IN"/>
    <property name="sun.boot.library.path" value="C:\Program Files\Java\jdk-19\bin"/>
    <property name="sun.java.command" value="C:\Users\sachi\AppData\Local\Temp\surefire9074430478965774809\surefirebooter-20230526160600968_3.jar C:\Users\sachi\AppData\Local\Temp\surefire9074430478965774809 2023-05-26T16-06-00_815-jvmRun1 surefire-20230526160600968_1tmp surefire_0-20230526160600968_2tmp"/>
    <property name="jdk.debug" value="release"/>
    <property name="surefire.test.class.path" value="C:\Users\sachi\OneDrive\Desktop\selenium\Automation\target\test-classes;C:\Users\sachi\OneDrive\Desktop\selenium\Automation\target\classes;C:\Users\sachi\.m2\repository\org\seleniumhq\selenium\selenium-java\4.9.0\selenium-java-4.9.0.jar;C:\Users\sachi\.m2\repository\org\seleniumhq\selenium\selenium-api\4.9.0\selenium-api-4.9.0.jar;C:\Users\sachi\.m2\repository\org\seleniumhq\selenium\selenium-chrome-driver\4.9.0\selenium-chrome-driver-4.9.0.jar;C:\Users\sachi\.m2\repository\com\google\auto\service\auto-service-annotations\1.0.1\auto-service-annotations-1.0.1.jar;C:\Users\sachi\.m2\repository\com\google\auto\service\auto-service\1.0.1\auto-service-1.0.1.jar;C:\Users\sachi\.m2\repository\com\google\auto\auto-common\1.2\auto-common-1.2.jar;C:\Users\sachi\.m2\repository\com\google\guava\guava\31.1-jre\guava-31.1-jre.jar;C:\Users\sachi\.m2\repository\com\google\guava\failureaccess\1.0.1\failureaccess-1.0.1.jar;C:\Users\sachi\.m2\repository\com\google\guava\listenablefuture\9999.0-empty-to-avoid-conflict-with-guava\listenablefuture-9999.0-empty-to-avoid-conflict-with-guava.jar;C:\Users\sachi\.m2\repository\com\google\code\findbugs\jsr305\3.0.2\jsr305-3.0.2.jar;C:\Users\sachi\.m2\repository\org\checkerframework\checker-qual\3.12.0\checker-qual-3.12.0.jar;C:\Users\sachi\.m2\repository\com\google\errorprone\error_prone_annotations\2.11.0\error_prone_annotations-2.11.0.jar;C:\Users\sachi\.m2\repository\com\google\j2objc\j2objc-annotations\1.3\j2objc-annotations-1.3.jar;C:\Users\sachi\.m2\repository\org\seleniumhq\selenium\selenium-chromium-driver\4.9.0\selenium-chromium-driver-4.9.0.jar;C:\Users\sachi\.m2\repository\org\seleniumhq\selenium\selenium-json\4.9.0\selenium-json-4.9.0.jar;C:\Users\sachi\.m2\repository\org\seleniumhq\selenium\selenium-manager\4.9.0\selenium-manager-4.9.0.jar;C:\Users\sachi\.m2\repository\org\seleniumhq\selenium\selenium-devtools-v110\4.9.0\selenium-devtools-v110-4.9.0.jar;C:\Users\sachi\.m2\repository\org\seleniumhq\selenium\selenium-devtools-v111\4.9.0\selenium-devtools-v111-4.9.0.jar;C:\Users\sachi\.m2\repository\org\seleniumhq\selenium\selenium-devtools-v112\4.9.0\selenium-devtools-v112-4.9.0.jar;C:\Users\sachi\.m2\repository\org\seleniumhq\selenium\selenium-devtools-v85\4.9.0\selenium-devtools-v85-4.9.0.jar;C:\Users\sachi\.m2\repository\org\seleniumhq\selenium\selenium-edge-driver\4.9.0\selenium-edge-driver-4.9.0.jar;C:\Users\sachi\.m2\repository\org\seleniumhq\selenium\selenium-firefox-driver\4.9.0\selenium-firefox-driver-4.9.0.jar;C:\Users\sachi\.m2\repository\org\seleniumhq\selenium\selenium-http\4.9.0\selenium-http-4.9.0.jar;C:\Users\sachi\.m2\repository\dev\failsafe\failsafe\3.3.1\failsafe-3.3.1.jar;C:\Users\sachi\.m2\repository\org\seleniumhq\selenium\selenium-ie-driver\4.9.0\selenium-ie-driver-4.9.0.jar;C:\Users\sachi\.m2\repository\org\seleniumhq\selenium\selenium-remote-driver\4.9.0\selenium-remote-driver-4.9.0.jar;C:\Users\sachi\.m2\repository\io\netty\netty-buffer\4.1.91.Final\netty-buffer-4.1.91.Final.jar;C:\Users\sachi\.m2\repository\io\netty\netty-codec-http\4.1.91.Final\netty-codec-http-4.1.91.Final.jar;C:\Users\sachi\.m2\repository\io\netty\netty-codec\4.1.91.Final\netty-codec-4.1.91.Final.jar;C:\Users\sachi\.m2\repository\io\netty\netty-handler\4.1.91.Final\netty-handler-4.1.91.Final.jar;C:\Users\sachi\.m2\repository\io\netty\netty-common\4.1.91.Final\netty-common-4.1.91.Final.jar;C:\Users\sachi\.m2\repository\io\netty\netty-transport-classes-epoll\4.1.91.Final\netty-transport-classes-epoll-4.1.91.Final.jar;C:\Users\sachi\.m2\repository\io\netty\netty-transport-classes-kqueue\4.1.91.Final\netty-transport-classes-kqueue-4.1.91.Final.jar;C:\Users\sachi\.m2\repository\io\netty\netty-transport-native-epoll\4.1.91.Final\netty-transport-native-epoll-4.1.91.Final.jar;C:\Users\sachi\.m2\repository\io\netty\netty-transport-native-kqueue\4.1.91.Final\netty-transport-native-kqueue-4.1.91.Final.jar;C:\Users\sachi\.m2\repository\io\netty\netty-transport-native-unix-common\4.1.91.Final\netty-transport-native-unix-common-4.1.91.Final.jar;C:\Users\sachi\.m2\repository\io\netty\netty-transport\4.1.91.Final\netty-transport-4.1.91.Final.jar;C:\Users\sachi\.m2\repository\io\netty\netty-resolver\4.1.91.Final\netty-resolver-4.1.91.Final.jar;C:\Users\sachi\.m2\repository\io\opentelemetry\opentelemetry-api\1.25.0\opentelemetry-api-1.25.0.jar;C:\Users\sachi\.m2\repository\io\opentelemetry\opentelemetry-context\1.25.0\opentelemetry-context-1.25.0.jar;C:\Users\sachi\.m2\repository\io\opentelemetry\opentelemetry-exporter-logging\1.25.0\opentelemetry-exporter-logging-1.25.0.jar;C:\Users\sachi\.m2\repository\io\opentelemetry\opentelemetry-sdk-metrics\1.25.0\opentelemetry-sdk-metrics-1.25.0.jar;C:\Users\sachi\.m2\repository\io\opentelemetry\opentelemetry-sdk-logs\1.25.0-alpha\opentelemetry-sdk-logs-1.25.0-alpha.jar;C:\Users\sachi\.m2\repository\io\opentelemetry\opentelemetry-api-logs\1.25.0-alpha\opentelemetry-api-logs-1.25.0-alpha.jar;C:\Users\sachi\.m2\repository\io\opentelemetry\opentelemetry-api-events\1.25.0-alpha\opentelemetry-api-events-1.25.0-alpha.jar;C:\Users\sachi\.m2\repository\io\opentelemetry\opentelemetry-sdk-common\1.25.0\opentelemetry-sdk-common-1.25.0.jar;C:\Users\sachi\.m2\repository\io\opentelemetry\opentelemetry-sdk-extension-autoconfigure-spi\1.25.0\opentelemetry-sdk-extension-autoconfigure-spi-1.25.0.jar;C:\Users\sachi\.m2\repository\io\opentelemetry\opentelemetry-sdk-extension-autoconfigure\1.25.0-alpha\opentelemetry-sdk-extension-autoconfigure-1.25.0-alpha.jar;C:\Users\sachi\.m2\repository\io\opentelemetry\opentelemetry-sdk-trace\1.25.0\opentelemetry-sdk-trace-1.25.0.jar;C:\Users\sachi\.m2\repository\io\opentelemetry\opentelemetry-sdk\1.25.0\opentelemetry-sdk-1.25.0.jar;C:\Users\sachi\.m2\repository\io\opentelemetry\opentelemetry-semconv\1.25.0-alpha\opentelemetry-semconv-1.25.0-alpha.jar;C:\Users\sachi\.m2\repository\io\ous\jtoml\2.0.0\jtoml-2.0.0.jar;C:\Users\sachi\.m2\repository\net\bytebuddy\byte-buddy\1.14.4\byte-buddy-1.14.4.jar;C:\Users\sachi\.m2\repository\org\apache\commons\commons-exec\1.3\commons-exec-1.3.jar;C:\Users\sachi\.m2\repository\org\asynchttpclient\async-http-client\2.12.3\async-http-client-2.12.3.jar;C:\Users\sachi\.m2\repository\org\asynchttpclient\async-http-client-netty-utils\2.12.3\async-http-client-netty-utils-2.12.3.jar;C:\Users\sachi\.m2\repository\io\netty\netty-codec-socks\4.1.60.Final\netty-codec-socks-4.1.60.Final.jar;C:\Users\sachi\.m2\repository\io\netty\netty-handler-proxy\4.1.60.Final\netty-handler-proxy-4.1.60.Final.jar;C:\Users\sachi\.m2\repository\io\netty\netty-transport-native-epoll\4.1.60.Final\netty-transport-native-epoll-4.1.60.Final-linux-x86_64.jar;C:\Users\sachi\.m2\repository\io\netty\netty-transport-native-kqueue\4.1.60.Final\netty-transport-native-kqueue-4.1.60.Final-osx-x86_64.jar;C:\Users\sachi\.m2\repository\org\reactivestreams\reactive-streams\1.0.3\reactive-streams-1.0.3.jar;C:\Users\sachi\.m2\repository\com\typesafe\netty\netty-reactive-streams\2.0.4\netty-reactive-streams-2.0.4.jar;C:\Users\sachi\.m2\repository\com\sun\activation\jakarta.activation\1.2.2\jakarta.activation-1.2.2.jar;C:\Users\sachi\.m2\repository\org\seleniumhq\selenium\selenium-safari-driver\4.9.0\selenium-safari-driver-4.9.0.jar;C:\Users\sachi\.m2\repository\org\seleniumhq\selenium\selenium-support\4.9.0\selenium-support-4.9.0.jar;C:\Users\sachi\.m2\repository\org\testng\testng\7.7.1\testng-7.7.1.jar;C:\Users\sachi\.m2\repository\org\slf4j\slf4j-api\1.7.36\slf4j-api-1.7.36.jar;C:\Users\sachi\.m2\repository\com\beust\jcommander\1.82\jcommander-1.82.jar;C:\Users\sachi\.m2\repository\org\webjars\jquery\3.6.1\jquery-3.6.1.jar;C:\Users\sachi\.m2\repository\com\aventstack\extentreports\4.0.9\extentreports-4.0.9.jar;C:\Users\sachi\.m2\repository\org\freemarker\freemarker\2.3.23\freemarker-2.3.23.jar;C:\Users\sachi\.m2\repository\org\mongodb\mongodb-driver\3.3.0\mongodb-driver-3.3.0.jar;C:\Users\sachi\.m2\repository\org\mongodb\mongodb-driver-core\3.3.0\mongodb-driver-core-3.3.0.jar;C:\Users\sachi\.m2\repository\org\mongodb\bson\3.3.0\bson-3.3.0.jar;C:\Users\sachi\.m2\repository\org\apache\httpcomponents\httpclient\4.5.2\httpclient-4.5.2.jar;C:\Users\sachi\.m2\repository\org\apache\httpcomponents\httpcore\4.4.4\httpcore-4.4.4.jar;C:\Users\sachi\.m2\repository\commons-logging\commons-logging\1.2\commons-logging-1.2.jar;C:\Users\sachi\.m2\repository\commons-codec\commons-codec\1.9\commons-codec-1.9.jar;C:\Users\sachi\.m2\repository\org\apache\httpcomponents\httpmime\4.5.2\httpmime-4.5.2.jar;C:\Users\sachi\.m2\repository\com\google\code\gson\gson\2.8.5\gson-2.8.5.jar;C:\Users\sachi\.m2\repository\commons-io\commons-io\2.11.0\commons-io-2.11.0.jar;"/>
    <property name="sun.cpu.endian" value="little"/>
    <property name="user.home" value="C:\Users\sachi"/>
    <property name="user.language" value="en"/>
    <property name="java.specification.vendor" value="Oracle Corporation"/>
    <property name="java.version.date" value="2023-01-17"/>
    <property name="java.home" value="C:\Program Files\Java\jdk-19"/>
    <property name="file.separator" value="\"/>
    <property name="basedir" value="C:\Users\sachi\OneDrive\Desktop\selenium\Automation"/>
    <property name="java.vm.compressedOopsMode" value="Zero based"/>
    <property name="line.separator" value="&#10;"/>
    <property name="java.vm.specification.vendor" value="Oracle Corporation"/>
    <property name="java.specification.name" value="Java Platform API Specification"/>
    <property name="surefire.real.class.path" value="C:\Users\sachi\AppData\Local\Temp\surefire9074430478965774809\surefirebooter-20230526160600968_3.jar"/>
    <property name="user.script" value=""/>
    <property name="sun.management.compiler" value="HotSpot 64-Bit Tiered Compilers"/>
    <property name="java.runtime.version" value="19.0.2+7-44"/>
    <property name="user.name" value="sachi"/>
    <property name="stdout.encoding" value="Cp1252"/>
    <property name="path.separator" value=";"/>
    <property name="os.version" value="10.0"/>
    <property name="java.runtime.name" value="Java(TM) SE Runtime Environment"/>
    <property name="file.encoding" value="UTF-8"/>
    <property name="java.vm.name" value="Java HotSpot(TM) 64-Bit Server VM"/>
    <property name="localRepository" value="C:\Users\sachi\.m2\repository"/>
    <property name="java.vendor.url.bug" value="https://bugreport.java.com/bugreport/"/>
    <property name="java.io.tmpdir" value="C:\Users\sachi\AppData\Local\Temp\"/>
    <property name="java.version" value="19.0.2"/>
    <property name="user.dir" value="C:\Users\sachi\OneDrive\Desktop\selenium\Automation"/>
    <property name="os.arch" value="amd64"/>
    <property name="java.vm.specification.name" value="Java Virtual Machine Specification"/>
    <property name="sun.os.patch.level" value=""/>
    <property name="native.encoding" value="Cp1252"/>
    <property name="java.library.path" value="C:\Program Files\Java\jdk-19\bin;C:\WINDOWS\Sun\Java\bin;C:\WINDOWS\system32;C:\WINDOWS;C:\Program Files\Common Files\Oracle\Java\javapath;C:\WINDOWS\system32;C:\WINDOWS;C:\WINDOWS\System32\Wbem;C:\WINDOWS\System32\WindowsPowerShell\v1.0\;C:\WINDOWS\System32\OpenSSH\;D:\Maven\bin;C:\Program Files\Java\jdk-19\bin;C:\Program Files\Git\cmd;C:\Users\sachi\AppData\Local\Microsoft\WindowsApps;;."/>
    <property name="java.vm.info" value="mixed mode, sharing"/>
    <property name="stderr.encoding" value="Cp1252"/>
    <property name="java.vendor" value="Oracle Corporation"/>
    <property name="java.vm.version" value="19.0.2+7-44"/>
    <property name="sun.io.unicode.encoding" value="UnicodeLittle"/>
    <property name="java.class.version" value="63.0"/>
  </properties>
  <testcase name="verifyButtons" classname="automation.ElementsTest" time="0.581">
    <system-err><![CDATA[SLF4J: Failed to load class "org.slf4j.impl.StaticLoggerBinder".
SLF4J: Defaulting to no-operation (NOP) logger implementation
SLF4J: See http://www.slf4j.org/codes.html#StaticLoggerBinder for further details.
Starting ChromeDriver 113.0.5672.63 (0e1a4471d5ae5bf128b1bd8f4d627c8cbd55f70c-refs/branch-heads/5672@{#912}) on port 15618
Only local connections are allowed.
Please see https://chromedriver.chromium.org/security-considerations for suggestions on keeping ChromeDriver safe.
ChromeDriver was started successfully.
May 26, 2023 4:06:02 PM org.openqa.selenium.devtools.CdpVersionFinder findNearestMatch
WARNING: Unable to find an exact match for CDP version 113, so returning the closest version found: 112
]]></system-err>
  </testcase>
  <testcase name="verifyCheckBox" classname="automation.ElementsTest" time="1.713">
    <system-out><![CDATA[You have selected :
home
desktop
notes
commands
documents
workspace
react
angular
veu
office
public
private
classified
general
downloads
wordFile
excelFile
]]></system-out>
  </testcase>
  <testcase name="verifyDynamicProperty" classname="automation.ElementsTest" time="0.322"/>
  <testcase name="verifyLinks" classname="automation.ElementsTest" time="6.121">
    <system-out><![CDATA[DEMOQA
]]></system-out>
  </testcase>
  <testcase name="verifyRadioButton" classname="automation.ElementsTest" time="0.989"/>
  <testcase name="verifyTextBox" classname="automation.ElementsTest" time="0.944"/>
  <testcase name="verifyUploadnDownload" classname="automation.ElementsTest" time="8.082">
    <system-out><![CDATA[Downloaded file found
Downloaded file deleted
file uploaded successfully
]]></system-out>
  </testcase>
  <testcase name="verifyWebTables" classname="automation.ElementsTest" time="2.037"/>
</testsuite>