<?xml version="1.0" encoding="UTF-8"?>
<!-- Generated by org.testng.reporters.JUnitReportReporter -->
<testsuite hostname="sachin" failures="0" tests="3" name="automation.FormsTest" time="31.336" errors="0" timestamp="2023-05-28T19:44:21 IST" skipped="0">
  <testcase classname="automation.FormsTest" name="verifyForms" time="12.452"/>
  <system-out/>
  <testcase classname="automation.FormsTest" name="verifyForms" time="9.405"/>
  <system-out/>
  <testcase classname="automation.FormsTest" name="verifyForms" time="9.479"/>
  <system-out/>
</testsuite> <!-- automation.FormsTest -->
