<?xml version="1.0" encoding="UTF-8"?>
<!-- Generated by org.testng.reporters.JUnitReportReporter -->
<testsuite hostname="sachin" failures="0" tests="3" name="automation.FormsTest" time="19.800" errors="0" timestamp="2023-05-30T21:09:46 IST" skipped="0">
  <testcase classname="automation.FormsTest" name="verifyForms" time="7.172"/>
  <system-out/>
  <testcase classname="automation.FormsTest" name="verifyForms" time="6.247"/>
  <system-out/>
  <testcase classname="automation.FormsTest" name="verifyForms" time="6.381"/>
  <system-out/>
</testsuite> <!-- automation.FormsTest -->
