<?xml version="1.0" encoding="UTF-8"?>
<!-- Generated by org.testng.reporters.JUnitReportReporter -->
<testsuite hostname="sachin" failures="0" tests="8" name="automation.ElementsTest" time="27.402" errors="0" timestamp="2023-05-30T21:09:46 IST" skipped="0">
  <testcase classname="automation.ElementsTest" name="verifyCheckBox" time="1.912"/>
  <system-out/>
  <testcase classname="automation.ElementsTest" name="verifyWebTables" time="2.403"/>
  <system-out/>
  <testcase classname="automation.ElementsTest" name="verifyButtons" time="0.646"/>
  <system-out/>
  <testcase classname="automation.ElementsTest" name="verifyLinks" time="6.245"/>
  <system-out/>
  <testcase classname="automation.ElementsTest" name="verifyDynamicProperty" time="5.840"/>
  <system-out/>
  <testcase classname="automation.ElementsTest" name="verifyUploadnDownload" time="8.104"/>
  <system-out/>
  <testcase classname="automation.ElementsTest" name="verifyTextBox" time="1.172"/>
  <system-out/>
  <testcase classname="automation.ElementsTest" name="verifyRadioButton" time="1.080"/>
  <system-out/>
</testsuite> <!-- automation.ElementsTest -->
