<?xml version="1.0" encoding="UTF-8"?>
<!-- Generated by org.testng.reporters.JUnitReportReporter -->
<testsuite hostname="sachin" failures="0" tests="1" name="automation.WidgetsTest" time="0.660" errors="0" timestamp="2023-06-02T16:33:23 IST" skipped="0">
  <testcase classname="automation.WidgetsTest" name="verifyAutoComplete" time="0.660"/>
  <system-out/>
</testsuite> <!-- automation.WidgetsTest -->
