<?xml version="1.0" encoding="UTF-8"?>
<!-- Generated by org.testng.reporters.JUnitReportReporter -->
<testsuite hostname="sachin" failures="0" tests="1" name="automation.AlertFrameAndWindowTest" time="5.624" errors="0" timestamp="2023-05-30T21:33:59 IST" skipped="0">
  <testcase classname="automation.AlertFrameAndWindowTest" name="verifyAlerts" time="5.624"/>
  <system-out/>
</testsuite> <!-- automation.AlertFrameAndWindowTest -->
