<?xml version="1.0" encoding="UTF-8"?>
<!-- Generated by org.testng.reporters.JUnitReportReporter -->
<testsuite hostname="sachin" failures="0" tests="8" name="automation.ElementsTest" time="20.546" errors="0" timestamp="2023-05-26T16:03:13 IST" skipped="0">
  <testcase classname="automation.ElementsTest" name="verifyTextBox" time="0.947"/>
  <system-out/>
  <testcase classname="automation.ElementsTest" name="verifyUploadnDownload" time="8.095"/>
  <system-out/>
  <testcase classname="automation.ElementsTest" name="verifyWebTables" time="1.873"/>
  <system-out/>
  <testcase classname="automation.ElementsTest" name="verifyDynamicProperty" time="0.340"/>
  <system-out/>
  <testcase classname="automation.ElementsTest" name="verifyRadioButton" time="0.972"/>
  <system-out/>
  <testcase classname="automation.ElementsTest" name="verifyLinks" time="6.091"/>
  <system-out/>
  <testcase classname="automation.ElementsTest" name="verifyButtons" time="0.584"/>
  <system-out/>
  <testcase classname="automation.ElementsTest" name="verifyCheckBox" time="1.644"/>
  <system-out/>
</testsuite> <!-- automation.ElementsTest -->
