<?xml version="1.0" encoding="UTF-8"?>
<!-- Generated by org.testng.reporters.JUnitReportReporter -->
<testsuite hostname="sachin" failures="0" tests="8" name="automation.ElementsTest" time="28.125" errors="0" timestamp="2023-05-28T19:25:05 IST" skipped="0">
  <testcase classname="automation.ElementsTest" name="verifyCheckBox" time="2.069"/>
  <system-out/>
  <testcase classname="automation.ElementsTest" name="verifyUploadnDownload" time="8.085"/>
  <system-out/>
  <testcase classname="automation.ElementsTest" name="verifyDynamicProperty" time="5.912"/>
  <system-out/>
  <testcase classname="automation.ElementsTest" name="verifyButtons" time="0.585"/>
  <system-out/>
  <testcase classname="automation.ElementsTest" name="verifyLinks" time="6.769"/>
  <system-out/>
  <testcase classname="automation.ElementsTest" name="verifyRadioButton" time="0.999"/>
  <system-out/>
  <testcase classname="automation.ElementsTest" name="verifyWebTables" time="2.500"/>
  <system-out/>
  <testcase classname="automation.ElementsTest" name="verifyTextBox" time="1.206"/>
  <system-out/>
</testsuite> <!-- automation.ElementsTest -->
