<?xml version="1.0" encoding="UTF-8"?>
<!-- Generated by org.testng.reporters.JUnitReportReporter -->
<testsuite hostname="sachin" failures="0" tests="6" name="automation.ElementsTest" time="14.723" errors="0" timestamp="2023-05-24T16:54:25 IST" skipped="0">
  <testcase classname="automation.ElementsTest" name="verifyTextBox" time="0.727"/>
  <system-out/>
  <testcase classname="automation.ElementsTest" name="verifyLinks" time="8.082"/>
  <system-out/>
  <testcase classname="automation.ElementsTest" name="verifyButtons" time="0.917"/>
  <system-out/>
  <testcase classname="automation.ElementsTest" name="verifyCheckBox" time="2.557"/>
  <system-out/>
  <testcase classname="automation.ElementsTest" name="verifyRadioButton" time="0.621"/>
  <system-out/>
  <testcase classname="automation.ElementsTest" name="verifyWebTables" time="1.819"/>
  <system-out/>
</testsuite> <!-- automation.ElementsTest -->
