<?xml version="1.0" encoding="UTF-8"?>
<!-- Generated by org.testng.reporters.JUnitReportReporter -->
<testsuite hostname="sachin" failures="0" tests="8" name="automation.ElementsTest" time="23.329" errors="0" timestamp="2023-05-26T16:08:43 IST" skipped="0">
  <testcase classname="automation.ElementsTest" name="verifyButtons" time="2.138"/>
  <system-out/>
  <testcase classname="automation.ElementsTest" name="verifyRadioButton" time="1.016"/>
  <system-out/>
  <testcase classname="automation.ElementsTest" name="verifyLinks" time="6.073"/>
  <system-out/>
  <testcase classname="automation.ElementsTest" name="verifyUploadnDownload" time="8.086"/>
  <system-out/>
  <testcase classname="automation.ElementsTest" name="verifyCheckBox" time="2.660"/>
  <system-out/>
  <testcase classname="automation.ElementsTest" name="verifyTextBox" time="0.948"/>
  <system-out/>
  <testcase classname="automation.ElementsTest" name="verifyDynamicProperty" time="0.352"/>
  <system-out/>
  <testcase classname="automation.ElementsTest" name="verifyWebTables" time="2.056"/>
  <system-out/>
</testsuite> <!-- automation.ElementsTest -->
