<?xml version="1.0" encoding="UTF-8"?>
<!-- Generated by org.testng.reporters.JUnitReportReporter -->
<testsuite hostname="sachin" failures="0" tests="4" name="automation.ElementsTest" time="10.627" errors="0" timestamp="2023-05-23T21:46:14 IST" skipped="0">
  <testcase classname="automation.ElementsTest" name="verifyCheckBox" time="2.174"/>
  <testcase classname="automation.ElementsTest" name="verifyTextBox" time="0.650"/>
  <testcase classname="automation.ElementsTest" name="verifyWebTables" time="7.259"/>
  <testcase classname="automation.ElementsTest" name="verifyRadioButton" time="0.544"/>
</testsuite> <!-- automation.ElementsTest -->
